#
# A fatal error has been detected by the Java Runtime Environment:
#
#  SIGSEGV (0xb) at pc=0x0000710545602077, pid=171732, tid=171747
#
# JRE version: OpenJDK Runtime Environment Temurin-21.0.9+10 (21.0.9+10) (build 21.0.9+10-LTS)
# Java VM: OpenJDK 64-Bit Server VM Temurin-21.0.9+10 (21.0.9+10-LTS, mixed mode, sharing, tiered, compressed oops, compressed class ptrs, g1 gc, linux-amd64)
# Problematic frame:
# V  [libjvm.so+0xc02077]  MacroAssembler::mov_metadata(Register, Metadata*)+0x37
#
# Core dump will be written. Default location: Core dumps may be processed with "/usr/share/apport/apport -p%p -s%s -c%c -d%d -P%P -u%u -g%g -F%F -- %E" (or dumping to /home/felizardo-xavier/folder/ENGENHARIA INFORMATICA/ANO 3/TQS/Recurso/TQS-Project_Recurso/core.171732)
#
# If you would like to submit a bug report, please visit:
#   https://github.com/adoptium/adoptium-support/issues
#

---------------  S U M M A R Y ------------

Command Line: -Denv.class.path=.:/usr/local/lib/antlr-4.13.2-complete.jar:/usr/local/lib/ST-4.3.4.jar -Dapplication.home=/home/felizardo-xavier/.vscode/extensions/redhat.java-1.51.0-linux-x64/jre/21.0.9-linux-x86_64 -Xms8m -Djdk.module.main=jdk.jcmd jdk.jcmd/sun.tools.jcmd.JCmd 11952 VM.uptime

Host: AMD Ryzen 7 5700U with Radeon Graphics, 16 cores, 15G, Ubuntu 24.04.2 LTS
Time: Wed Jan 28 01:23:42 2026 WET elapsed time: 0.086246 seconds (0d 0h 0m 0s)

---------------  T H R E A D  ---------------

Current thread (0x0000710540117710):  JavaThread "C1 CompilerThread0" daemon [_thread_in_native, id=171747, stack(0x0000710518d00000,0x0000710518e00000) (1024K)]


Current CompileTask:
C1:86  282       3       jdk.internal.org.objectweb.asm.ByteVector::put12 (64 bytes)

Stack: [0x0000710518d00000,0x0000710518e00000],  sp=0x0000710518dfdc60,  free space=1015k
Native frames: (J=compiled Java code, j=interpreted, Vv=VM code, C=native code)
V  [libjvm.so+0xc02077]  MacroAssembler::mov_metadata(Register, Metadata*)+0x37
V  [libjvm.so+0xc02086]  MacroAssembler::mov_metadata(Register, Metadata*)+0x46
V  [libjvm.so+0x51ec21]  LIR_Assembler::const2reg(LIR_Opr, LIR_Opr, LIR_PatchCode, CodeEmitInfo*)+0x391
V  [libjvm.so+0x51c86a]  LIR_Assembler::emit_op1(LIR_Op1*)+0x20a
V  [libjvm.so+0x51b50f]  LIR_Assembler::emit_lir_list(LIR_List*)+0x6f
V  [libjvm.so+0x51b6db]  LIR_Assembler::emit_code(BlockList*)+0x5b
V  [libjvm.so+0x4ea9e0]  Compilation::emit_code_body()+0x180
V  [libjvm.so+0x4eaeac]  Compilation::compile_java_method()+0x31c
V  [libjvm.so+0x4eb112]  Compilation::compile_method()+0x112
V  [libjvm.so+0x4eb509]  Compilation::Compilation(AbstractCompiler*, ciEnv*, ciMethod*, int, BufferBlob*, bool, DirectiveSet*)+0x1f9
V  [libjvm.so+0x4ec3d1]  Compiler::compile_method(ciEnv*, ciMethod*, int, bool, DirectiveSet*)+0xb1
V  [libjvm.so+0x67b0fe]  CompileBroker::invoke_compiler_on_method(CompileTask*)+0xc9e
V  [libjvm.so+0x67e438]  CompileBroker::compiler_thread_loop()+0x738
V  [libjvm.so+0x92e9b8]  JavaThread::thread_main_inner()+0x1d8
V  [libjvm.so+0xf84328]  Thread::call_run()+0xa8
V  [libjvm.so+0xd0d8ea]  thread_native_entry(Thread*)+0xda
C  [libc.so.6+0x9caa4]

siginfo: si_signo: 11 (SIGSEGV), si_code: 128 (SI_KERNEL), si_addr: 0x0000000000000000

Registers:
RAX=0x00007105352e0f3c, RBX=0x00007104a00269a0, RCX=0x0000710518dfe268, RDX=0x0000710518dfdc80
RSP=0x0000710518dfdc60, RBP=0x0000710518dfdc70, RSI=0x0000000000000007, RDI=0x00007104a00269a0
R8 =0x0000000000000000, R9 =0x0000000000000000, R10=0x000000000000003f, R11=0x00007104a00269a0
R12=0x00007104c7062410, R13=0x00007104c7062410, R14=0x00007104a40c5680, R15=0x0000000000000010
RIP=0x0000710545602077, EFLAGS=0x0000000000010212, CSGSFS=0x002b000000000033, ERR=0x0000000000000000
  TRAPNO=0x000000000000000d

XMM[0]=0xffffffffffffffff 0xffffffff0000000f
XMM[1]=0x0000000000000000 0x00007104ac09b508
XMM[2]=0x0000000000000000 0x0000000000000000
XMM[3]=0x0000000000000000 0x00007104a0026778
XMM[4]=0x0000000000000000 0x0000000000000000
XMM[5]=0x00007104a0025818 0x0000000200000000
XMM[6]=0x0000710545ec7060 0x0000710545ec6ed0
XMM[7]=0xffffffffffffffff 0xffffffffffffffff
XMM[8]=0x000952a0e8ffffff 0xff2404c748082454
XMM[9]=0x0000000000000000 0x0000000000000000
XMM[10]=0x3f3f3f3f3f3f3f3f 0x3f3f3f3f3f3f3f3f
XMM[11]=0x9999999999999999 0x9999999999999999
XMM[12]=0x2020202020202020 0x2020202020202020
XMM[13]=0x0000000000000000 0x0000000000000000
XMM[14]=0x0000000000000000 0x0000000000000000
XMM[15]=0x0000000000000000 0x0000000000000000
  MXCSR=0x00001fa2


Register to memory mapping:

RAX=0x00007105352e0f3c is at code_begin+60 in 
[CodeBlob (0x00007105352e0e90)]
Framesize: 0
BufferBlob (0x00007105352e0e90) used for C1 temporary CodeBuffer
RBX=0x00007104a00269a0 points into unknown readable memory: 0x0000710545ec31f0 | f0 31 ec 45 05 71 00 00
RCX=0x0000710518dfe268 is pointing into the stack for thread: 0x0000710540117710
RDX=0x0000710518dfdc80 is pointing into the stack for thread: 0x0000710540117710
RSP=0x0000710518dfdc60 is pointing into the stack for thread: 0x0000710540117710
RBP=0x0000710518dfdc70 is pointing into the stack for thread: 0x0000710540117710
RSI=0x0000000000000007 is an unknown value
RDI=0x00007104a00269a0 points into unknown readable memory: 0x0000710545ec31f0 | f0 31 ec 45 05 71 00 00
R8 =0x0 is null
R9 =0x0 is null
R10=0x000000000000003f is an unknown value
R11=0x00007104a00269a0 points into unknown readable memory: 0x0000710545ec31f0 | f0 31 ec 45 05 71 00 00
R12=0x00007104c7062410 is pointing into metadata
R13=0x00007104c7062410 is pointing into metadata
R14=0x00007104a40c5680 points into unknown readable memory: 0x0000710545e1e410 | 10 e4 e1 45 05 71 00 00
R15=0x0000000000000010 is an unknown value

Top of Stack: (sp=0x0000710518dfdc60)
0x0000710518dfdc60:   0000000000000000 00007104a00269a0
0x0000710518dfdc70:   0000710518dfdcb0 0000710545602086
0x0000710518dfdc80:   0000710545e32cd0 0000000000000000
0x0000710518dfdc90:   000000000000000c 0000000000000000
0x0000710518dfdca0:   00007104a0026900 4fd2da0abebe4000
0x0000710518dfdcb0:   0000710518dfdd80 0000710544f1ec21
0x0000710518dfdcc0:   0000000000000006 000000000000403b
0x0000710518dfdcd0:   0000710518dfdd00 00007104a0026900
0x0000710518dfdce0:   00007105352934a0 0000710544e56caa
0x0000710518dfdcf0:   ffffffff0000000f ffffffffffffffff
0x0000710518dfdd00:   ffffff0000000020 0000710545e331c0
0x0000710518dfdd10:   0000000000000000 0000710500000000
0x0000710518dfdd20:   0000000000000000 0000710400000000
0x0000710518dfdd30:   0000710545e32e90 0000710544f1bd9f
0x0000710518dfdd40:   0000710000000006 4fd2da0abebe4000
0x0000710518dfdd50:   0000000000000000 0000710518dfde80
0x0000710518dfdd60:   00007104a40c5698 0000710518dfde80
0x0000710518dfdd70:   00007104a40c5698 0000000000000010
0x0000710518dfdd80:   0000710518dfdde0 0000710544f1c86a
0x0000710518dfdd90:   0000000000000000 0000000000000000
0x0000710518dfdda0:   00007104a00269a0 0000000000000008
0x0000710518dfddb0:   0000710518dfdde0 0000710518dfde80
0x0000710518dfddc0:   00007104a40c3438 0000000000000050
0x0000710518dfddd0:   00007104a40c5698 0000000000000010
0x0000710518dfdde0:   0000710518dfde20 0000710544f1b50f
0x0000710518dfddf0:   0000000200000000 0000000000000000
0x0000710518dfde00:   00007104ac09d8b0 0000710518dfde80
0x0000710518dfde10:   00007104ac09e3b0 0000000000000028
0x0000710518dfde20:   0000710518dfde60 0000710544f1b6db
0x0000710518dfde30:   0000710518dfde80 0000710518dfe130
0x0000710518dfde40:   0000710518dfde80 0000710518dfe208
0x0000710518dfde50:   0000710545b199a8 0000000000000005 

Instructions: (pc=0x0000710545602077)
0x0000710545601f77:   e8 94 18 6a ff 0f 1f 40 00 55 48 89 e5 41 56 41
0x0000710545601f87:   55 4c 8d 75 90 41 89 cd 41 54 4c 89 f1 49 89 fc
0x0000710545601f97:   53 48 89 f3 44 89 ee 48 83 ec 50 64 48 8b 04 25
0x0000710545601fa7:   28 00 00 00 48 89 45 d8 31 c0 48 8d 05 a8 0c 83
0x0000710545601fb7:   00 48 c7 45 98 00 00 00 00 c7 45 a0 01 00 00 00
0x0000710545601fc7:   48 83 c0 10 48 c7 45 a4 00 00 00 00 48 89 45 90
0x0000710545601fd7:   e8 84 54 8a ff 8b 03 48 8d 7b 18 48 8d 75 a8 89
0x0000710545601fe7:   45 90 8b 43 04 89 45 94 8b 43 08 89 45 98 48 8b
0x0000710545601ff7:   43 0c 48 89 45 9c 0f b6 43 14 88 45 a4 48 8b 43
0x0000710545602007:   18 ff 50 10 44 89 ea 4c 89 f6 4c 89 e7 e8 07 5e
0x0000710545602017:   8a ff 48 8b 45 d8 64 48 2b 04 25 28 00 00 00 75
0x0000710545602027:   0d 48 83 c4 50 5b 41 5c 41 5d 41 5e 5d c3 e8 d6
0x0000710545602037:   17 6a ff 66 0f 1f 44 00 00 55 48 89 e5 48 83 ec
0x0000710545602047:   30 64 48 8b 04 25 28 00 00 00 48 89 45 f8 31 c0
0x0000710545602057:   48 8d 05 62 0c 83 00 48 8d 4d d0 48 c7 45 d8 00
0x0000710545602067:   00 00 00 c7 45 e0 0c 00 00 00 48 83 c0 10 48 c7
0x0000710545602077:   45 e4 00 00 00 00 48 89 45 d0 e8 da 53 8a ff 48
0x0000710545602087:   8b 45 f8 64 48 2b 04 25 28 00 00 00 75 02 c9 c3
0x0000710545602097:   e8 74 17 6a ff 0f 1f 40 00 55 48 89 e5 41 56 41
0x00007105456020a7:   55 4c 8d 75 90 41 89 cd 41 54 4c 89 f1 49 89 fc
0x00007105456020b7:   53 48 89 f3 44 89 ee 48 83 ec 50 64 48 8b 04 25
0x00007105456020c7:   28 00 00 00 48 89 45 d8 31 c0 48 8d 05 e8 0b 83
0x00007105456020d7:   00 48 c7 45 98 00 00 00 00 c7 45 a0 0c 00 00 00
0x00007105456020e7:   48 83 c0 10 48 c7 45 a4 00 00 00 00 48 89 45 90
0x00007105456020f7:   e8 64 53 8a ff 8b 03 48 8d 7b 18 48 8d 75 a8 89
0x0000710545602107:   45 90 8b 43 04 89 45 94 8b 43 08 89 45 98 48 8b
0x0000710545602117:   43 0c 48 89 45 9c 0f b6 43 14 88 45 a4 48 8b 43
0x0000710545602127:   18 ff 50 10 44 89 ea 4c 89 f6 4c 89 e7 e8 e7 5c
0x0000710545602137:   8a ff 48 8b 45 d8 64 48 2b 04 25 28 00 00 00 75
0x0000710545602147:   0d 48 83 c4 50 5b 41 5c 41 5d 41 5e 5d c3 e8 b6
0x0000710545602157:   16 6a ff 66 0f 1f 44 00 00 55 48 89 e5 41 57 41
0x0000710545602167:   56 41 89 f6 41 55 49 89 fd 41 54 49 89 d4 48 81 


Stack slot to memory mapping:

stack at sp + 0 slots: 0x0 is null
stack at sp + 1 slots: 0x00007104a00269a0 points into unknown readable memory: 0x0000710545ec31f0 | f0 31 ec 45 05 71 00 00
stack at sp + 2 slots: 0x0000710518dfdcb0 is pointing into the stack for thread: 0x0000710540117710
stack at sp + 3 slots: 0x0000710545602086: <offset 0x0000000000c02086> in /home/felizardo-xavier/.vscode/extensions/redhat.java-1.51.0-linux-x64/jre/21.0.9-linux-x86_64/lib/server/libjvm.so at 0x0000710544a00000
stack at sp + 4 slots: 0x0000710545e32cd0: <offset 0x0000000001432cd0> in /home/felizardo-xavier/.vscode/extensions/redhat.java-1.51.0-linux-x64/jre/21.0.9-linux-x86_64/lib/server/libjvm.so at 0x0000710544a00000
stack at sp + 5 slots: 0x0 is null
stack at sp + 6 slots: 0x000000000000000c is an unknown value
stack at sp + 7 slots: 0x0 is null


---------------  P R O C E S S  ---------------

Threads class SMR info:
_java_thread_list=0x0000710488002cc0, length=14, elements={
0x000071054002c670, 0x000071054010ec10, 0x0000710540110170, 0x00007105401118f0,
0x0000710540112f20, 0x00007105401144b0, 0x0000710540116060, 0x0000710540117710,
0x00007104a002afd0, 0x0000710540152bc0, 0x0000710540160660, 0x00007104a4050fa0,
0x00007104a4052280, 0x0000710488001bb0
}

Java Threads: ( => current thread )
  0x000071054002c670 JavaThread "main"                              [_thread_in_Java, id=171733, stack(0x0000710544900000,0x0000710544a00000) (1024K)]
  0x000071054010ec10 JavaThread "Reference Handler"          daemon [_thread_blocked, id=171741, stack(0x0000710519300000,0x0000710519400000) (1024K)]
  0x0000710540110170 JavaThread "Finalizer"                  daemon [_thread_blocked, id=171742, stack(0x0000710519200000,0x0000710519300000) (1024K)]
  0x00007105401118f0 JavaThread "Signal Dispatcher"          daemon [_thread_blocked, id=171743, stack(0x0000710519100000,0x0000710519200000) (1024K)]
  0x0000710540112f20 JavaThread "Service Thread"             daemon [_thread_blocked, id=171744, stack(0x0000710519000000,0x0000710519100000) (1024K)]
  0x00007105401144b0 JavaThread "Monitor Deflation Thread"   daemon [_thread_blocked, id=171745, stack(0x0000710518f00000,0x0000710519000000) (1024K)]
  0x0000710540116060 JavaThread "C2 CompilerThread0"         daemon [_thread_in_native, id=171746, stack(0x0000710518e00000,0x0000710518f00000) (1024K)]
=>0x0000710540117710 JavaThread "C1 CompilerThread0"         daemon [_thread_in_native, id=171747, stack(0x0000710518d00000,0x0000710518e00000) (1024K)]
  0x00007104a002afd0 JavaThread "C1 CompilerThread1"         daemon [_thread_blocked, id=171748, stack(0x0000710518c00000,0x0000710518d00000) (1024K)]
  0x0000710540152bc0 JavaThread "Notification Thread"        daemon [_thread_blocked, id=171749, stack(0x0000710518b00000,0x0000710518c00000) (1024K)]
  0x0000710540160660 JavaThread "Common-Cleaner"             daemon [_thread_blocked, id=171750, stack(0x0000710518a00000,0x0000710518b00000) (1024K)]
  0x00007104a4050fa0 JavaThread "C1 CompilerThread2"         daemon [_thread_in_native, id=171753, stack(0x0000710518393000,0x0000710518493000) (1024K)]
  0x00007104a4052280 JavaThread "C1 CompilerThread3"         daemon [_thread_blocked, id=171754, stack(0x0000710518293000,0x0000710518393000) (1024K)]
  0x0000710488001bb0 JavaThread "C2 CompilerThread1"         daemon [_thread_in_native, id=171755, stack(0x0000710518193000,0x0000710518293000) (1024K)]
Total: 14

Other Threads:
  0x00007105401057e0 VMThread "VM Thread"                           [id=171740, stack(0x000071051971d000,0x000071051981d000) (1024K)]
  0x00007105400f3320 WatcherThread "VM Periodic Task Thread"        [id=171739, stack(0x000071051981e000,0x000071051991e000) (1024K)]
  0x0000710540093370 WorkerThread "GC Thread#0"                     [id=171734, stack(0x0000710528b38000,0x0000710528c38000) (1024K)]
  0x00007104c0008870 WorkerThread "GC Thread#1"                     [id=171751, stack(0x0000710518494000,0x0000710518594000) (1024K)]
  0x00007105400a38e0 ConcurrentGCThread "G1 Main Marker"            [id=171735, stack(0x0000710528a37000,0x0000710528b37000) (1024K)]
  0x00007105400a47b0 WorkerThread "G1 Conc#0"                       [id=171736, stack(0x0000710528936000,0x0000710528a36000) (1024K)]
  0x00007105400e0da0 ConcurrentGCThread "G1 Refine#0"               [id=171737, stack(0x0000710519afc000,0x0000710519bfc000) (1024K)]
  0x00007105400e1d50 ConcurrentGCThread "G1 Service"                [id=171738, stack(0x00007105199fb000,0x0000710519afb000) (1024K)]
Total: 8

Threads with active compile tasks:
C2 CompilerThread0  106  402       4       java.io.StreamTokenizer::nextToken (1266 bytes)
C1 CompilerThread0  106  282       3       jdk.internal.org.objectweb.asm.ByteVector::put12 (64 bytes)
C2 CompilerThread1  106  389   !   4       java.io.BufferedReader::read (59 bytes)
Total: 3

VM state: not at safepoint (normal execution)

VM Mutex/Monitor currently owned by a thread: None

Heap address: 0x000000070fe00000, size: 3842 MB, Compressed Oops mode: Zero based, Oop shift amount: 3

CDS archive(s) mapped at: [0x00007104cb000000-0x00007104cbbbe000-0x00007104cbbbe000), size 12312576, SharedBaseAddress: 0x00007104cb000000, ArchiveRelocationMode: 1.
Compressed class space mapped at: 0x00007104cc000000-0x000071050c000000, reserved size: 1073741824
Narrow klass base: 0x00007104cb000000, Narrow klass shift: 0, Narrow klass range: 0x100000000

GC Precious Log:
 CardTable entry size: 512
 Card Set container configuration: InlinePtr #cards 4 size 8 Array Of Cards #cards 16 size 48 Howl #buckets 8 coarsen threshold 3686 Howl Bitmap #cards 512 size 80 coarsen threshold 460 Card regions per heap region 1 cards per card region 4096
 CPUs: 16 total, 16 available
 Memory: 15367M
 Large Page Support: Disabled
 NUMA Support: Disabled
 Compressed Oops: Enabled (Zero based)
 Heap Region Size: 2M
 Heap Min Capacity: 8M
 Heap Initial Capacity: 8M
 Heap Max Capacity: 3842M
 Pre-touch: Disabled
 Parallel Workers: 13
 Concurrent Workers: 3
 Concurrent Refinement Workers: 13
 Periodic GC: Disabled

Heap:
 garbage-first heap   total 10240K, used 1690K [0x000000070fe00000, 0x0000000800000000)
  region size 2048K, 2 young (4096K), 1 survivors (2048K)
 Metaspace       used 933K, committed 1088K, reserved 1114112K
  class space    used 93K, committed 192K, reserved 1048576K

Heap Regions: E=young(eden), S=young(survivor), O=old, HS=humongous(starts), HC=humongous(continues), CS=collection set, F=free, TAMS=top-at-mark-start, PB=parsable bottom
|   0|0x000000070fe00000, 0x000000070fe00000, 0x0000000710000000|  0%| F|  |TAMS 0x000000070fe00000| PB 0x000000070fe00000| Untracked 
|   1|0x0000000710000000, 0x0000000710000000, 0x0000000710200000|  0%| F|  |TAMS 0x0000000710000000| PB 0x0000000710000000| Untracked 
|   2|0x0000000710200000, 0x000000071029c000, 0x0000000710400000| 30%| S|CS|TAMS 0x0000000710200000| PB 0x0000000710200000| Complete 
|   3|0x0000000710400000, 0x0000000710484b40, 0x0000000710600000| 25%| E|  |TAMS 0x0000000710400000| PB 0x0000000710400000| Complete 
|1920|0x00000007ffe00000, 0x00000007fff0aa78, 0x0000000800000000| 52%| O|  |TAMS 0x00000007ffe00000| PB 0x00000007ffe00000| Untracked 

Card table byte_map: [0x000071052c8f8000,0x000071052d079000] _byte_map_base: 0x0000710529079000

Marking Bits: (CMBitMap*) 0x0000710540093dc0
 Bits: [0x0000710528cf0000, 0x000071052c8f8000)

Polling page: 0x0000710546366000

Metaspace:

Usage:
  Non-class:    840,70 KB used.
      Class:     93,44 KB used.
       Both:    934,14 KB used.

Virtual space:
  Non-class space:       64,00 MB reserved,     960,00 KB (  1%) committed,  1 nodes.
      Class space:        1,00 GB reserved,     192,00 KB ( <1%) committed,  1 nodes.
             Both:        1,06 GB reserved,       1,12 MB ( <1%) committed. 

Chunk freelists:
   Non-Class:  11,73 MB
       Class:  15,68 MB
        Both:  27,42 MB

MaxMetaspaceSize: unlimited
CompressedClassSpaceSize: 1,00 GB
Initial GC threshold: 21,00 MB
Current GC threshold: 21,00 MB
CDS: on
 - commit_granule_bytes: 65536.
 - commit_granule_words: 8192.
 - virtual_space_node_default_size: 8388608.
 - enlarge_chunks_in_place: 1.
 - use_allocation_guard: 0.


Internal statistics:

num_allocs_failed_limit: 0.
num_arena_births: 52.
num_arena_deaths: 0.
num_vsnodes_births: 2.
num_vsnodes_deaths: 0.
num_space_committed: 18.
num_space_uncommitted: 0.
num_chunks_returned_to_freelist: 0.
num_chunks_taken_from_freelist: 78.
num_chunk_merges: 0.
num_chunk_splits: 46.
num_chunks_enlarged: 26.
num_inconsistent_stats: 0.

CodeHeap 'non-profiled nmethods': size=119168Kb used=123Kb max_used=123Kb free=119044Kb
 bounds [0x00007105359a0000, 0x0000710535c10000, 0x000071053ce00000]
CodeHeap 'profiled nmethods': size=119164Kb used=521Kb max_used=521Kb free=118642Kb
 bounds [0x000071052de00000, 0x000071052e070000, 0x000071053525f000]
CodeHeap 'non-nmethods': size=7428Kb used=2976Kb max_used=2977Kb free=4451Kb
 bounds [0x000071053525f000, 0x000071053554f000, 0x00007105359a0000]
CodeCache: size=245760Kb, used=3620Kb, max_used=3621Kb, free=242137Kb
 total_blobs=809, nmethods=401, adapters=309, full_count=0
Compilation: enabled, stopped_count=0, restarted_count=0

Compilation events (20 events):
Event: 0,071 Thread 0x00007104a002afd0 nmethod 271 0x000071052de4fe90 code [0x000071052de50040, 0x000071052de50208]
Event: 0,071 Thread 0x00007104a002afd0  272       3       java.nio.HeapByteBuffer::byteOffset (7 bytes)
Event: 0,071 Thread 0x0000710540117710 nmethod 270 0x000071052de50310 code [0x000071052de504c0, 0x000071052de507c8]
Event: 0,071 Thread 0x0000710540117710  273       1       jdk.internal.jimage.decompressor.CompressedResourceHeader::getSize (3 bytes)
Event: 0,071 Thread 0x0000710540117710 nmethod 273 0x00007105359b5690 code [0x00007105359b5820, 0x00007105359b58c0]
Event: 0,071 Thread 0x00007104a002afd0 nmethod 272 0x000071052de50890 code [0x000071052de50a20, 0x000071052de50b28]
Event: 0,071 Thread 0x0000710540117710  275       3       java.util.Arrays::copyOf (33 bytes)
Event: 0,071 Thread 0x00007104a002afd0  274       1       java.security.CodeSource::getLocationNoFragString (5 bytes)
Event: 0,071 Thread 0x00007104a002afd0 nmethod 274 0x00007105359b5990 code [0x00007105359b5b20, 0x00007105359b5be8]
Event: 0,071 Thread 0x0000710540117710 nmethod 275 0x000071052de50b90 code [0x000071052de50d60, 0x000071052de51240]
Event: 0,071 Thread 0x00007104a002afd0  277       3       java.lang.invoke.LambdaForm$Name::<init> (66 bytes)
Event: 0,071 Thread 0x00007104a002afd0 nmethod 277 0x000071052de51390 code [0x000071052de51540, 0x000071052de51810]
Event: 0,071 Thread 0x0000710540117710  278       3       java.lang.invoke.MemberName::getReferenceKind (12 bytes)
Event: 0,072 Thread 0x0000710540117710 nmethod 278 0x000071052de51910 code [0x000071052de51aa0, 0x000071052de51bb0]
Event: 0,072 Thread 0x0000710540117710  279       3       java.lang.StringBuilder::toString (9 bytes)
Event: 0,072 Thread 0x00007104a002afd0  280       3       java.lang.String::<init> (7 bytes)
Event: 0,072 Thread 0x00007104a002afd0 nmethod 280 0x000071052de51c10 code [0x000071052de51dc0, 0x000071052de51f08]
Event: 0,072 Thread 0x00007104a002afd0  281       3       java.lang.String::<init> (99 bytes)
Event: 0,072 Thread 0x0000710540117710 nmethod 279 0x000071052de51f90 code [0x000071052de52140, 0x000071052de52350]
Event: 0,072 Thread 0x0000710540117710  282       3       jdk.internal.org.objectweb.asm.ByteVector::put12 (64 bytes)

GC Heap History (0 events):
No events

Dll operation events (5 events):
Event: 0,003 Loaded shared library /home/felizardo-xavier/.vscode/extensions/redhat.java-1.51.0-linux-x64/jre/21.0.9-linux-x86_64/lib/libjava.so
Event: 0,027 Loaded shared library /home/felizardo-xavier/.vscode/extensions/redhat.java-1.51.0-linux-x64/jre/21.0.9-linux-x86_64/lib/libzip.so
Event: 0,035 Loaded shared library /home/felizardo-xavier/.vscode/extensions/redhat.java-1.51.0-linux-x64/jre/21.0.9-linux-x86_64/lib/libnio.so
Event: 0,035 Loaded shared library /home/felizardo-xavier/.vscode/extensions/redhat.java-1.51.0-linux-x64/jre/21.0.9-linux-x86_64/lib/libjimage.so
Event: 0,041 Loaded shared library /home/felizardo-xavier/.vscode/extensions/redhat.java-1.51.0-linux-x64/jre/21.0.9-linux-x86_64/lib/libzip.so

Deoptimization events (4 events):
Event: 0,046 Thread 0x000071054002c670 Uncommon trap: trap_request=0xffffff45 fr.pc=0x00007105359a3bbc relative=0x000000000000009c
Event: 0,046 Thread 0x000071054002c670 Uncommon trap: reason=unstable_if action=reinterpret pc=0x00007105359a3bbc method=java.lang.String.hashCode()I @ 13 c2
Event: 0,046 Thread 0x000071054002c670 DEOPT PACKING pc=0x00007105359a3bbc sp=0x00007105449fd0d0
Event: 0,046 Thread 0x000071054002c670 DEOPT UNPACKING pc=0x00007105352b2f99 sp=0x00007105449fd088 mode 2

Classes loaded (20 events):
Event: 0,057 Loading class java/util/Timer done
Event: 0,057 Loading class java/io/FilenameFilter
Event: 0,057 Loading class java/io/FilenameFilter done
Event: 0,059 Loading class java/util/regex/Pattern$BnM
Event: 0,059 Loading class java/util/regex/Pattern$BnM done
Event: 0,059 Loading class java/util/regex/Pattern$SliceS
Event: 0,059 Loading class java/util/regex/Pattern$SliceS done
Event: 0,061 Loading class java/lang/IllegalAccessException
Event: 0,062 Loading class java/lang/IllegalAccessException done
Event: 0,062 Loading class java/lang/InstantiationException
Event: 0,062 Loading class java/lang/InstantiationException done
Event: 0,062 Loading class java/lang/reflect/InvocationTargetException
Event: 0,062 Loading class java/lang/reflect/InvocationTargetException done
Event: 0,062 Loading class jdk/internal/perf/Perf$CleanerAction
Event: 0,062 Loading class jdk/internal/perf/Perf$CleanerAction done
Event: 0,070 Loading class java/net/MalformedURLException
Event: 0,070 Loading class java/net/MalformedURLException done
Event: 0,070 Loading class java/lang/InterruptedException
Event: 0,070 Loading class java/lang/InterruptedException done
Event: 0,072 Loading class sun/invoke/util/ValueConversions$1

Classes unloaded (0 events):
No events

Classes redefined (0 events):
No events

Internal exceptions (1 events):
Event: 0,071 Thread 0x000071054002c670 Exception <a 'java/lang/NoSuchMethodError'{0x00000007105cefc0}: 'java.lang.Object java.lang.invoke.DirectMethodHandle$Holder.newInvokeSpecial(java.lang.Object, java.lang.Object, int)'> (0x00000007105cefc0) 
thrown [src/hotspot/share/interpreter/linkResolver.cpp, line 772]

ZGC Phase Switch (0 events):
No events

VM Operations (0 events):
No events

Memory protections (11 events):
Event: 0,002 Protecting memory [0x0000710544900000,0x0000710544904000] with protection modes 0
Event: 0,021 Protecting memory [0x0000710519300000,0x0000710519304000] with protection modes 0
Event: 0,021 Protecting memory [0x0000710519200000,0x0000710519204000] with protection modes 0
Event: 0,021 Protecting memory [0x0000710519100000,0x0000710519104000] with protection modes 0
Event: 0,021 Protecting memory [0x0000710519000000,0x0000710519004000] with protection modes 0
Event: 0,021 Protecting memory [0x0000710518f00000,0x0000710518f04000] with protection modes 0
Event: 0,021 Protecting memory [0x0000710518e00000,0x0000710518e04000] with protection modes 0
Event: 0,021 Protecting memory [0x0000710518d00000,0x0000710518d04000] with protection modes 0
Event: 0,025 Protecting memory [0x0000710518c00000,0x0000710518c04000] with protection modes 0
Event: 0,034 Protecting memory [0x0000710518b00000,0x0000710518b04000] with protection modes 0
Event: 0,041 Protecting memory [0x0000710518a00000,0x0000710518a04000] with protection modes 0

Nmethod flushes (0 events):
No events

Events (11 events):
Event: 0,015 Thread 0x000071054002c670 Thread added: 0x000071054002c670
Event: 0,021 Thread 0x000071054002c670 Thread added: 0x000071054010ec10
Event: 0,021 Thread 0x000071054002c670 Thread added: 0x0000710540110170
Event: 0,021 Thread 0x000071054002c670 Thread added: 0x00007105401118f0
Event: 0,021 Thread 0x000071054002c670 Thread added: 0x0000710540112f20
Event: 0,021 Thread 0x000071054002c670 Thread added: 0x00007105401144b0
Event: 0,021 Thread 0x000071054002c670 Thread added: 0x0000710540116060
Event: 0,021 Thread 0x000071054002c670 Thread added: 0x0000710540117710
Event: 0,025 Thread 0x0000710540117710 Thread added: 0x00007104a002afd0
Event: 0,034 Thread 0x000071054002c670 Thread added: 0x0000710540152bc0
Event: 0,041 Thread 0x000071054002c670 Thread added: 0x0000710540160660


Dynamic libraries:
70fe00000-710600000 rw-p 00000000 00:00 0 
710600000-7ffe00000 ---p 00000000 00:00 0 
7ffe00000-7fff0b000 rw-p 00bfa000 103:05 9460102                         /home/felizardo-xavier/.vscode/extensions/redhat.java-1.51.0-linux-x64/jre/21.0.9-linux-x86_64/lib/server/classes.jsa
7fff0b000-800000000 rw-p 00000000 00:00 0 
5c16b719d000-5c16b719e000 r-xp 00000000 103:05 9460064                   /home/felizardo-xavier/.vscode/extensions/redhat.java-1.51.0-linux-x64/jre/21.0.9-linux-x86_64/bin/jcmd
5c16b719f000-5c16b71a0000 r--p 00001000 103:05 9460064                   /home/felizardo-xavier/.vscode/extensions/redhat.java-1.51.0-linux-x64/jre/21.0.9-linux-x86_64/bin/jcmd
5c16b71a0000-5c16b71a1000 rw-p 00002000 103:05 9460064                   /home/felizardo-xavier/.vscode/extensions/redhat.java-1.51.0-linux-x64/jre/21.0.9-linux-x86_64/bin/jcmd
5c16bfa1c000-5c16bfa62000 rw-p 00000000 00:00 0                          [heap]
710488000000-710488024000 rw-p 00000000 00:00 0 
710488024000-71048c000000 ---p 00000000 00:00 0 
71048c000000-71048c054000 rw-p 00000000 00:00 0 
71048c054000-710490000000 ---p 00000000 00:00 0 
710490000000-710490021000 rw-p 00000000 00:00 0 
710490021000-710494000000 ---p 00000000 00:00 0 
710494000000-710494021000 rw-p 00000000 00:00 0 
710494021000-710498000000 ---p 00000000 00:00 0 
710498000000-710498021000 rw-p 00000000 00:00 0 
710498021000-71049c000000 ---p 00000000 00:00 0 
71049c000000-71049c021000 rw-p 00000000 00:00 0 
71049c021000-7104a0000000 ---p 00000000 00:00 0 
7104a0000000-7104a00ad000 rw-p 00000000 00:00 0 
7104a00ad000-7104a4000000 ---p 00000000 00:00 0 
7104a4000000-7104a410c000 rw-p 00000000 00:00 0 
7104a410c000-7104a8000000 ---p 00000000 00:00 0 
7104a8000000-7104a8021000 rw-p 00000000 00:00 0 
7104a8021000-7104ac000000 ---p 00000000 00:00 0 
7104ac000000-7104ac0f9000 rw-p 00000000 00:00 0 
7104ac0f9000-7104b0000000 ---p 00000000 00:00 0 
7104b0000000-7104b0021000 rw-p 00000000 00:00 0 
7104b0021000-7104b4000000 ---p 00000000 00:00 0 
7104b4000000-7104b4021000 rw-p 00000000 00:00 0 
7104b4021000-7104b8000000 ---p 00000000 00:00 0 
7104b8000000-7104b8021000 rw-p 00000000 00:00 0 
7104b8021000-7104bc000000 ---p 00000000 00:00 0 
7104bc000000-7104bc021000 rw-p 00000000 00:00 0 
7104bc021000-7104c0000000 ---p 00000000 00:00 0 
7104c0000000-7104c0021000 rw-p 00000000 00:00 0 
7104c0021000-7104c4000000 ---p 00000000 00:00 0 
7104c7000000-7104c70a0000 rw-p 00000000 00:00 0 
7104c70a0000-7104c7400000 ---p 00000000 00:00 0 
7104c7400000-7104c7450000 rw-p 00000000 00:00 0 
7104c7450000-7104cb000000 ---p 00000000 00:00 0 
7104cb000000-7104cbbbe000 rw-p 00001000 103:05 9460102                   /home/felizardo-xavier/.vscode/extensions/redhat.java-1.51.0-linux-x64/jre/21.0.9-linux-x86_64/lib/server/classes.jsa
7104cbbbe000-7104cc000000 ---p 00000000 00:00 0 
7104cc000000-7104cc020000 rw-p 00000000 00:00 0 
7104cc020000-7104cc040000 ---p 00000000 00:00 0 
7104cc040000-7104cc050000 rw-p 00000000 00:00 0 
7104cc050000-71050c000000 ---p 00000000 00:00 0 
71050c000000-71050c021000 rw-p 00000000 00:00 0 
71050c021000-710510000000 ---p 00000000 00:00 0 
710510000000-710510021000 rw-p 00000000 00:00 0 
710510021000-710514000000 ---p 00000000 00:00 0 
710514000000-710514021000 rw-p 00000000 00:00 0 
710514021000-710518000000 ---p 00000000 00:00 0 
710518193000-710518197000 ---p 00000000 00:00 0 
710518197000-710518293000 rw-p 00000000 00:00 0 
710518293000-710518297000 ---p 00000000 00:00 0 
710518297000-710518393000 rw-p 00000000 00:00 0 
710518393000-710518397000 ---p 00000000 00:00 0 
710518397000-710518493000 rw-p 00000000 00:00 0 
710518493000-710518494000 ---p 00000000 00:00 0 
710518494000-710518594000 rw-p 00000000 00:00 0 
710518594000-710518a00000 rw-p 00000000 00:00 0 
710518a00000-710518a04000 ---p 00000000 00:00 0 
710518a04000-710518b00000 rw-p 00000000 00:00 0 
710518b00000-710518b04000 ---p 00000000 00:00 0 
710518b04000-710518c00000 rw-p 00000000 00:00 0 
710518c00000-710518c04000 ---p 00000000 00:00 0 
710518c04000-710518d00000 rw-p 00000000 00:00 0 
710518d00000-710518d04000 ---p 00000000 00:00 0 
710518d04000-710518e00000 rw-p 00000000 00:00 0 
710518e00000-710518e04000 ---p 00000000 00:00 0 
710518e04000-710518f00000 rw-p 00000000 00:00 0 
710518f00000-710518f04000 ---p 00000000 00:00 0 
710518f04000-710519000000 rw-p 00000000 00:00 0 
710519000000-710519004000 ---p 00000000 00:00 0 
710519004000-710519100000 rw-p 00000000 00:00 0 
710519100000-710519104000 ---p 00000000 00:00 0 
710519104000-710519200000 rw-p 00000000 00:00 0 
710519200000-710519204000 ---p 00000000 00:00 0 
710519204000-710519300000 rw-p 00000000 00:00 0 
710519300000-710519304000 ---p 00000000 00:00 0 
710519304000-710519400000 rw-p 00000000 00:00 0 
710519400000-7105196ec000 r--p 00000000 103:05 1313354                   /usr/lib/locale/locale-archive
71051971c000-71051971d000 ---p 00000000 00:00 0 
71051971d000-71051981d000 rw-p 00000000 00:00 0 
71051981d000-71051981e000 ---p 00000000 00:00 0 
71051981e000-71051991e000 rw-p 00000000 00:00 0 
71051991e000-7105199fa000 rw-p 00000000 00:00 0 
7105199fa000-7105199fb000 ---p 00000000 00:00 0 
7105199fb000-710519afb000 rw-p 00000000 00:00 0 
710519afb000-710519afc000 ---p 00000000 00:00 0 
710519afc000-710519bfc000 rw-p 00000000 00:00 0 
710519bfc000-71051c021000 rw-p 00000000 00:00 0 
71051c021000-710520000000 ---p 00000000 00:00 0 
710520000000-710520021000 rw-p 00000000 00:00 0 
710520021000-710524000000 ---p 00000000 00:00 0 
710524000000-710524021000 rw-p 00000000 00:00 0 
710524021000-710528000000 ---p 00000000 00:00 0 
71052802c000-710528935000 rw-p 00000000 00:00 0 
710528935000-710528936000 ---p 00000000 00:00 0 
710528936000-710528a36000 rw-p 00000000 00:00 0 
710528a36000-710528a37000 ---p 00000000 00:00 0 
710528a37000-710528b37000 rw-p 00000000 00:00 0 
710528b37000-710528b38000 ---p 00000000 00:00 0 
710528b38000-710528c38000 rw-p 00000000 00:00 0 
710528c38000-710528d10000 rw-p 00000000 00:00 0 
710528d10000-71052c8f0000 ---p 00000000 00:00 0 
71052c8f0000-71052c8fc000 rw-p 00000000 00:00 0 
71052c8fc000-71052d078000 ---p 00000000 00:00 0 
71052d078000-71052d07d000 rw-p 00000000 00:00 0 
71052d07d000-71052d7f9000 ---p 00000000 00:00 0 
71052d7f9000-71052de00000 rw-p 00000000 00:00 0 
71052de00000-71052e070000 rwxp 00000000 00:00 0 
71052e070000-71053525f000 ---p 00000000 00:00 0 
71053525f000-71053554f000 rwxp 00000000 00:00 0 
71053554f000-7105359a0000 ---p 00000000 00:00 0 
7105359a0000-710535c10000 rwxp 00000000 00:00 0 
710535c10000-71053ce00000 ---p 00000000 00:00 0 
71053ce00000-71053ffd6000 r--s 00000000 103:05 9103207                   /home/felizardo-xavier/.vscode/extensions/redhat.java-1.51.0-linux-x64/jre/21.0.9-linux-x86_64/lib/modules
710540000000-7105401ba000 rw-p 00000000 00:00 0 
7105401ba000-710544000000 ---p 00000000 00:00 0 
710544003000-71054400f000 r-xp 00000000 103:05 9103217                   /home/felizardo-xavier/.vscode/extensions/redhat.java-1.51.0-linux-x64/jre/21.0.9-linux-x86_64/lib/libnet.so
71054400f000-710544010000 r--p 0000b000 103:05 9103217                   /home/felizardo-xavier/.vscode/extensions/redhat.java-1.51.0-linux-x64/jre/21.0.9-linux-x86_64/lib/libnet.so
710544010000-710544011000 rw-p 0000c000 103:05 9103217                   /home/felizardo-xavier/.vscode/extensions/redhat.java-1.51.0-linux-x64/jre/21.0.9-linux-x86_64/lib/libnet.so
710544011000-710544025000 r-xp 00000000 103:05 9103216                   /home/felizardo-xavier/.vscode/extensions/redhat.java-1.51.0-linux-x64/jre/21.0.9-linux-x86_64/lib/libnio.so
710544025000-710544026000 r--p 00013000 103:05 9103216                   /home/felizardo-xavier/.vscode/extensions/redhat.java-1.51.0-linux-x64/jre/21.0.9-linux-x86_64/lib/libnio.so
710544026000-710544027000 rw-p 00014000 103:05 9103216                   /home/felizardo-xavier/.vscode/extensions/redhat.java-1.51.0-linux-x64/jre/21.0.9-linux-x86_64/lib/libnio.so
710544027000-710544733000 rw-p 00000000 00:00 0 
710544733000-710544817000 ---p 00000000 00:00 0 
710544817000-71054481c000 rw-p 00000000 00:00 0 
71054481c000-710544900000 ---p 00000000 00:00 0 
710544900000-710544904000 ---p 00000000 00:00 0 
710544904000-710544a00000 rw-p 00000000 00:00 0 
710544a00000-710545e1d000 r-xp 00000000 103:05 9460099                   /home/felizardo-xavier/.vscode/extensions/redhat.java-1.51.0-linux-x64/jre/21.0.9-linux-x86_64/lib/server/libjvm.so
710545e1d000-710545ef2000 r--p 0141c000 103:05 9460099                   /home/felizardo-xavier/.vscode/extensions/redhat.java-1.51.0-linux-x64/jre/21.0.9-linux-x86_64/lib/server/libjvm.so
710545ef2000-710545f22000 rw-p 014f1000 103:05 9460099                   /home/felizardo-xavier/.vscode/extensions/redhat.java-1.51.0-linux-x64/jre/21.0.9-linux-x86_64/lib/server/libjvm.so
710545f22000-710545f88000 rw-p 00000000 00:00 0 
710545f8c000-710545f93000 r--s 00000000 103:05 1329798                   /usr/lib/x86_64-linux-gnu/gconv/gconv-modules.cache
710545f93000-710545fae000 r-xp 00000000 103:05 9103208                   /home/felizardo-xavier/.vscode/extensions/redhat.java-1.51.0-linux-x64/jre/21.0.9-linux-x86_64/lib/libzip.so
710545fae000-710545faf000 r--p 0001a000 103:05 9103208                   /home/felizardo-xavier/.vscode/extensions/redhat.java-1.51.0-linux-x64/jre/21.0.9-linux-x86_64/lib/libzip.so
710545faf000-710545fb0000 rw-p 0001b000 103:05 9103208                   /home/felizardo-xavier/.vscode/extensions/redhat.java-1.51.0-linux-x64/jre/21.0.9-linux-x86_64/lib/libzip.so
710545fb0000-710545ff7000 rw-p 00000000 00:00 0 
710545ff7000-710546000000 ---p 00000000 00:00 0 
710546000000-710546028000 r--p 00000000 103:05 1329838                   /usr/lib/x86_64-linux-gnu/libc.so.6
710546028000-7105461b0000 r-xp 00028000 103:05 1329838                   /usr/lib/x86_64-linux-gnu/libc.so.6
7105461b0000-7105461ff000 r--p 001b0000 103:05 1329838                   /usr/lib/x86_64-linux-gnu/libc.so.6
7105461ff000-710546203000 r--p 001fe000 103:05 1329838                   /usr/lib/x86_64-linux-gnu/libc.so.6
710546203000-710546205000 rw-p 00202000 103:05 1329838                   /usr/lib/x86_64-linux-gnu/libc.so.6
710546205000-710546212000 rw-p 00000000 00:00 0 
710546217000-710546237000 r-xp 00000000 103:05 9103231                   /home/felizardo-xavier/.vscode/extensions/redhat.java-1.51.0-linux-x64/jre/21.0.9-linux-x86_64/lib/libjava.so
710546237000-710546238000 ---p 00020000 103:05 9103231                   /home/felizardo-xavier/.vscode/extensions/redhat.java-1.51.0-linux-x64/jre/21.0.9-linux-x86_64/lib/libjava.so
710546238000-710546239000 r--p 00020000 103:05 9103231                   /home/felizardo-xavier/.vscode/extensions/redhat.java-1.51.0-linux-x64/jre/21.0.9-linux-x86_64/lib/libjava.so
710546239000-71054623a000 rw-p 00021000 103:05 9103231                   /home/felizardo-xavier/.vscode/extensions/redhat.java-1.51.0-linux-x64/jre/21.0.9-linux-x86_64/lib/libjava.so
71054623a000-71054623b000 rw-p 00000000 00:00 0 
71054623b000-710546256000 r-xp 00000000 103:05 9103227                   /home/felizardo-xavier/.vscode/extensions/redhat.java-1.51.0-linux-x64/jre/21.0.9-linux-x86_64/lib/libjimage.so
710546256000-710546257000 ---p 0001b000 103:05 9103227                   /home/felizardo-xavier/.vscode/extensions/redhat.java-1.51.0-linux-x64/jre/21.0.9-linux-x86_64/lib/libjimage.so
710546257000-710546259000 r--p 0001b000 103:05 9103227                   /home/felizardo-xavier/.vscode/extensions/redhat.java-1.51.0-linux-x64/jre/21.0.9-linux-x86_64/lib/libjimage.so
710546259000-71054625a000 rw-p 0001d000 103:05 9103227                   /home/felizardo-xavier/.vscode/extensions/redhat.java-1.51.0-linux-x64/jre/21.0.9-linux-x86_64/lib/libjimage.so
71054625a000-71054626a000 r--p 00000000 103:05 1329889                   /usr/lib/x86_64-linux-gnu/libm.so.6
71054626a000-7105462e9000 r-xp 00010000 103:05 1329889                   /usr/lib/x86_64-linux-gnu/libm.so.6
7105462e9000-710546341000 r--p 0008f000 103:05 1329889                   /usr/lib/x86_64-linux-gnu/libm.so.6
710546341000-710546342000 r--p 000e7000 103:05 1329889                   /usr/lib/x86_64-linux-gnu/libm.so.6
710546342000-710546343000 rw-p 000e8000 103:05 1329889                   /usr/lib/x86_64-linux-gnu/libm.so.6
710546343000-710546344000 r--p 00000000 103:05 1331799                   /usr/lib/x86_64-linux-gnu/librt.so.1
710546344000-710546345000 r-xp 00001000 103:05 1331799                   /usr/lib/x86_64-linux-gnu/librt.so.1
710546345000-710546346000 r--p 00002000 103:05 1331799                   /usr/lib/x86_64-linux-gnu/librt.so.1
710546346000-710546347000 r--p 00002000 103:05 1331799                   /usr/lib/x86_64-linux-gnu/librt.so.1
710546347000-710546348000 rw-p 00003000 103:05 1331799                   /usr/lib/x86_64-linux-gnu/librt.so.1
710546348000-71054634a000 rw-p 00000000 00:00 0 
71054634a000-71054634b000 r--p 00000000 103:05 1329854                   /usr/lib/x86_64-linux-gnu/libdl.so.2
71054634b000-71054634c000 r-xp 00001000 103:05 1329854                   /usr/lib/x86_64-linux-gnu/libdl.so.2
71054634c000-71054634d000 r--p 00002000 103:05 1329854                   /usr/lib/x86_64-linux-gnu/libdl.so.2
71054634d000-71054634e000 r--p 00002000 103:05 1329854                   /usr/lib/x86_64-linux-gnu/libdl.so.2
71054634e000-71054634f000 rw-p 00003000 103:05 1329854                   /usr/lib/x86_64-linux-gnu/libdl.so.2
71054634f000-710546350000 r--p 00000000 103:05 1331735                   /usr/lib/x86_64-linux-gnu/libpthread.so.0
710546350000-710546351000 r-xp 00001000 103:05 1331735                   /usr/lib/x86_64-linux-gnu/libpthread.so.0
710546351000-710546352000 r--p 00002000 103:05 1331735                   /usr/lib/x86_64-linux-gnu/libpthread.so.0
710546352000-710546353000 r--p 00002000 103:05 1331735                   /usr/lib/x86_64-linux-gnu/libpthread.so.0
710546353000-710546354000 rw-p 00003000 103:05 1331735                   /usr/lib/x86_64-linux-gnu/libpthread.so.0
710546356000-71054635e000 r--s 00000000 103:05 5778775                   /tmp/hsperfdata_felizardo-xavier/11952
71054635e000-710546366000 rw-s 00000000 103:05 5778466                   /tmp/hsperfdata_felizardo-xavier/171732
710546366000-710546367000 ---p 00000000 00:00 0 
710546367000-710546368000 r--p 00000000 00:00 0 
710546368000-710546369000 ---p 00000000 00:00 0 
710546369000-710546382000 r-xp 00000000 103:05 9103226                   /home/felizardo-xavier/.vscode/extensions/redhat.java-1.51.0-linux-x64/jre/21.0.9-linux-x86_64/lib/libjli.so
710546382000-710546383000 r--p 00018000 103:05 9103226                   /home/felizardo-xavier/.vscode/extensions/redhat.java-1.51.0-linux-x64/jre/21.0.9-linux-x86_64/lib/libjli.so
710546383000-710546384000 rw-p 00019000 103:05 9103226                   /home/felizardo-xavier/.vscode/extensions/redhat.java-1.51.0-linux-x64/jre/21.0.9-linux-x86_64/lib/libjli.so
710546384000-710546386000 rw-p 00000000 00:00 0 
710546386000-710546388000 r--p 00000000 00:00 0                          [vvar]
710546388000-71054638a000 r--p 00000000 00:00 0                          [vvar_vclock]
71054638a000-71054638c000 r-xp 00000000 00:00 0                          [vdso]
71054638c000-71054638d000 r--p 00000000 103:05 1329835                   /usr/lib/x86_64-linux-gnu/ld-linux-x86-64.so.2
71054638d000-7105463b8000 r-xp 00001000 103:05 1329835                   /usr/lib/x86_64-linux-gnu/ld-linux-x86-64.so.2
7105463b8000-7105463c2000 r--p 0002c000 103:05 1329835                   /usr/lib/x86_64-linux-gnu/ld-linux-x86-64.so.2
7105463c2000-7105463c4000 r--p 00036000 103:05 1329835                   /usr/lib/x86_64-linux-gnu/ld-linux-x86-64.so.2
7105463c4000-7105463c6000 rw-p 00038000 103:05 1329835                   /usr/lib/x86_64-linux-gnu/ld-linux-x86-64.so.2
7ffece11b000-7ffece13d000 rw-p 00000000 00:00 0                          [stack]
ffffffffff600000-ffffffffff601000 --xp 00000000 00:00 0                  [vsyscall]
Total number of mappings: 199

JVMTI agents: none


VM Arguments:
jvm_args: -Denv.class.path=.:/usr/local/lib/antlr-4.13.2-complete.jar:/usr/local/lib/ST-4.3.4.jar -Dapplication.home=/home/felizardo-xavier/.vscode/extensions/redhat.java-1.51.0-linux-x64/jre/21.0.9-linux-x86_64 -Xms8m -Djdk.module.main=jdk.jcmd 
java_command: jdk.jcmd/sun.tools.jcmd.JCmd 11952 VM.uptime
java_class_path (initial): <not set>
Launcher Type: SUN_STANDARD

[Global flags]
     intx CICompilerCount                          = 12                                        {product} {ergonomic}
     uint ConcGCThreads                            = 3                                         {product} {ergonomic}
     uint G1ConcRefinementThreads                  = 13                                        {product} {ergonomic}
   size_t G1HeapRegionSize                         = 2097152                                   {product} {ergonomic}
    uintx GCDrainStackTargetSize                   = 64                                        {product} {ergonomic}
   size_t InitialHeapSize                          = 8388608                                   {product} {command line}
   size_t MarkStackSize                            = 4194304                                   {product} {ergonomic}
   size_t MaxHeapSize                              = 4028628992                                {product} {ergonomic}
   size_t MaxNewSize                               = 2415919104                                {product} {ergonomic}
   size_t MinHeapDeltaBytes                        = 2097152                                   {product} {ergonomic}
   size_t MinHeapSize                              = 8388608                                   {product} {command line}
    uintx NonNMethodCodeHeapSize                   = 7602480                                {pd product} {ergonomic}
    uintx NonProfiledCodeHeapSize                  = 122027880                              {pd product} {ergonomic}
    uintx ProfiledCodeHeapSize                     = 122027880                              {pd product} {ergonomic}
    uintx ReservedCodeCacheSize                    = 251658240                              {pd product} {ergonomic}
     bool SegmentedCodeCache                       = true                                      {product} {ergonomic}
   size_t SoftMaxHeapSize                          = 4028628992                             {manageable} {ergonomic}
     bool UseCompressedOops                        = true                           {product lp64_product} {ergonomic}
     bool UseG1GC                                  = true                                      {product} {ergonomic}

Logging:
Log output configuration:
 #0: stdout all=warning uptime,level,tags foldmultilines=false
 #1: stderr all=off uptime,level,tags foldmultilines=false

Release file:
<release file has not been read>
Environment Variables:
CLASSPATH=.:/usr/local/lib/antlr-4.13.2-complete.jar:/usr/local/lib/ST-4.3.4.jar
PATH=/home/felizardo-xavier/.nvm/versions/node/v22.21.1/bin:/opt/maven/bin:/home/felizardo-xavier/.local/bin:/usr/local/sbin:/usr/local/bin:/usr/sbin:/usr/bin:/sbin:/bin:/usr/games:/usr/local/games:/snap/bin:/snap/bin
USERNAME=felizardo-xavier
SHELL=/bin/bash
DISPLAY=:0
LANG=pt_PT.UTF-8
TERM=xterm-256color

Active Locale:
LC_ALL=pt_PT.UTF-8
LC_COLLATE=pt_PT.UTF-8
LC_CTYPE=pt_PT.UTF-8
LC_MESSAGES=pt_PT.UTF-8
LC_MONETARY=pt_PT.UTF-8
LC_NUMERIC=pt_PT.UTF-8
LC_TIME=pt_PT.UTF-8

Signal Handlers:
   SIGSEGV: crash_handler in libjvm.so, mask=11100100010111111101111111111110, flags=SA_RESTART|SA_SIGINFO, unblocked
    SIGBUS: crash_handler in libjvm.so, mask=11100100010111111101111111111110, flags=SA_RESTART|SA_SIGINFO, unblocked
    SIGFPE: crash_handler in libjvm.so, mask=11100100010111111101111111111110, flags=SA_RESTART|SA_SIGINFO, unblocked
   SIGPIPE: javaSignalHandler in libjvm.so, mask=11100100010111111101111111111110, flags=SA_RESTART|SA_SIGINFO, blocked
   SIGXFSZ: javaSignalHandler in libjvm.so, mask=11100100010111111101111111111110, flags=SA_RESTART|SA_SIGINFO, blocked
    SIGILL: crash_handler in libjvm.so, mask=11100100010111111101111111111110, flags=SA_RESTART|SA_SIGINFO, unblocked
   SIGUSR2: SR_handler in libjvm.so, mask=00000000000000000000000000000000, flags=SA_RESTART|SA_SIGINFO, blocked
    SIGHUP: UserHandler in libjvm.so, mask=11100100010111111101111111111110, flags=SA_RESTART|SA_SIGINFO, blocked
    SIGINT: UserHandler in libjvm.so, mask=11100100010111111101111111111110, flags=SA_RESTART|SA_SIGINFO, blocked
   SIGTERM: UserHandler in libjvm.so, mask=11100100010111111101111111111110, flags=SA_RESTART|SA_SIGINFO, blocked
   SIGQUIT: UserHandler in libjvm.so, mask=11100100010111111101111111111110, flags=SA_RESTART|SA_SIGINFO, blocked
   SIGTRAP: crash_handler in libjvm.so, mask=11100100010111111101111111111110, flags=SA_RESTART|SA_SIGINFO, unblocked


Periodic native trim disabled

---------------  S Y S T E M  ---------------

OS:
DISTRIB_ID=Ubuntu
DISTRIB_RELEASE=24.04
DISTRIB_CODENAME=noble
DISTRIB_DESCRIPTION="Ubuntu 24.04.2 LTS"
uname: Linux 6.14.0-37-generic #37~24.04.1-Ubuntu SMP PREEMPT_DYNAMIC Thu Nov 20 10:25:38 UTC 2 x86_64
OS uptime: 0 days 11:24 hours
libc: glibc 2.39 NPTL 2.39 
rlimit (soft/hard): STACK 8192k/infinity , CORE 0k/infinity , NPROC 61041/61041 , NOFILE 1048576/1048576 , AS infinity/infinity , CPU infinity/infinity , DATA infinity/infinity , FSIZE infinity/infinity , MEMLOCK 1966980k/1966980k
load average: 3,79 2,80 2,35

/proc/meminfo:
MemTotal:       15735868 kB
MemFree:         1190920 kB
MemAvailable:    6211840 kB
Buffers:          141020 kB
Cached:          4540464 kB
SwapCached:          128 kB
Active:          1420584 kB
Inactive:       11486688 kB
Active(anon):     653624 kB
Inactive(anon):  7078520 kB
Active(file):     766960 kB
Inactive(file):  4408168 kB
Unevictable:         192 kB
Mlocked:             192 kB
SwapTotal:       4194300 kB
SwapFree:        4193532 kB
Zswap:                 0 kB
Zswapped:              0 kB
Dirty:              1856 kB
Writeback:             0 kB
AnonPages:       8226804 kB
Mapped:          1338736 kB
Shmem:            166056 kB
KReclaimable:     181588 kB
Slab:             533184 kB
SReclaimable:     181588 kB
SUnreclaim:       351596 kB
KernelStack:       32860 kB
PageTables:        90072 kB
SecPageTables:      4952 kB
NFS_Unstable:          0 kB
Bounce:                0 kB
WritebackTmp:          0 kB
CommitLimit:    12062232 kB
Committed_AS:   26310604 kB
VmallocTotal:   34359738367 kB
VmallocUsed:       90396 kB
VmallocChunk:          0 kB
Percpu:            20224 kB
HardwareCorrupted:     0 kB
AnonHugePages:         0 kB
ShmemHugePages:        0 kB
ShmemPmdMapped:        0 kB
FileHugePages:         0 kB
FilePmdMapped:         0 kB
Unaccepted:            0 kB
HugePages_Total:       0
HugePages_Free:        0
HugePages_Rsvd:        0
HugePages_Surp:        0
Hugepagesize:       2048 kB
Hugetlb:               0 kB
DirectMap4k:     1861256 kB
DirectMap2M:    13221888 kB
DirectMap1G:     2097152 kB

/sys/kernel/mm/transparent_hugepage/enabled: always [madvise] never
/sys/kernel/mm/transparent_hugepage/hpage_pmd_size: 2097152
/sys/kernel/mm/transparent_hugepage/defrag (defrag/compaction efforts parameter): always defer defer+madvise [madvise] never

Process Memory:
Virtual Size: 7000120K (peak: 7000364K)
Resident Set Size: 55232K (peak: 55232K) (anon: 30152K, file: 25080K, shmem: 0K)
Swapped out: 0K
C-Heap outstanding allocations: 38501K, retained: 2418K
glibc malloc tunables: (default)

/proc/sys/kernel/threads-max (system-wide limit on the number of threads): 122083
/proc/sys/vm/max_map_count (maximum number of memory map areas a process may have): 1048576
/proc/sys/vm/swappiness (control to define how aggressively the kernel swaps out anonymous memory): 60
/proc/sys/kernel/pid_max (system-wide limit on number of process identifiers): 4194304

container information not found.
Steal ticks since vm start: 0
Steal ticks percentage since vm start:  0,000

CPU: total 16 (initial active 16) (16 cores per cpu, 2 threads per core) family 23 model 104 stepping 1 microcode 0x8608108, cx8, cmov, fxsr, ht, mmx, 3dnowpref, sse, sse2, sse3, ssse3, sse4a, sse4.1, sse4.2, popcnt, lzcnt, tsc, tscinvbit, avx, avx2, aes, clmul, bmi1, bmi2, adx, sha, fma, vzeroupper, clflush, clflushopt, rdtscp, rdpid, f16c
CPU Model and flags from /proc/cpuinfo:
model name	: AMD Ryzen 7 5700U with Radeon Graphics
flags		: fpu vme de pse tsc msr pae mce cx8 apic sep mtrr pge mca cmov pat pse36 clflush mmx fxsr sse sse2 ht syscall nx mmxext fxsr_opt pdpe1gb rdtscp lm constant_tsc rep_good nopl xtopology nonstop_tsc cpuid extd_apicid aperfmperf rapl pni pclmulqdq monitor ssse3 fma cx16 sse4_1 sse4_2 movbe popcnt aes xsave avx f16c rdrand lahf_lm cmp_legacy svm extapic cr8_legacy abm sse4a misalignsse 3dnowprefetch osvw ibs skinit wdt tce topoext perfctr_core perfctr_nb bpext perfctr_llc mwaitx cpb cat_l3 cdp_l3 hw_pstate ssbd mba ibrs ibpb stibp vmmcall fsgsbase bmi1 avx2 smep bmi2 cqm rdt_a rdseed adx smap clflushopt clwb sha_ni xsaveopt xsavec xgetbv1 cqm_llc cqm_occup_llc cqm_mbm_total cqm_mbm_local clzero irperf xsaveerptr rdpru wbnoinvd cppc arat npt lbrv svm_lock nrip_save tsc_scale vmcb_clean flushbyasid decodeassists pausefilter pfthreshold avic v_vmsave_vmload vgif v_spec_ctrl umip rdpid overflow_recov succor smca

Online cpus: 0-15
Offline cpus: 
BIOS frequency limitation: <Not Available>
Frequency switch latency (ns): 0
Available cpu frequencies: <Not Available>
Current governor: powersave
Core performance/turbo boost: 1

Memory: 4k page, physical 15735868k(6211840k free), swap 4194300k(4193532k free)
Page Sizes: 4k

vm_info: OpenJDK 64-Bit Server VM (21.0.9+10-LTS) for linux-amd64 JRE (21.0.9+10-LTS), built on 2025-10-21T00:00:00Z by "admin" with gcc 11.3.0

END.
